<?xml version="1.0" encoding="UTF-8"?>
<testsuite xmlns:xsi="http://www.w3.org/2001/XMLSchema-instance" xsi:noNamespaceSchemaLocation="https://maven.apache.org/surefire/maven-surefire-plugin/xsd/surefire-test-report-3.0.xsd" version="3.0" name="TestSuite" time="1.898" tests="7" errors="0" skipped="0" failures="0">
  <properties>
[...]
</properties>
  <testcase name="runScenario[&quot;Login should not pass with null username and null password&quot;, &quot;Login functionality test for Smart Banking&quot;](5)" classname="com.test.run.Runner" time="0.3">
    <system-out><![CDATA[
@Smoke @Functional @Regressional @Negative @SB-17
Scenario: Login should not pass with null username and valid password               # ./src/main/resources/Login.feature:52

@Smoke @Functional @Regressional @Negative @SB-15
Scenario: Login should not pass with null username and null password                # ./src/main/resources/Login.feature:38

@Smoke @Functional @Regressional @Negative @SB-7
Scenario: Login should not pass with invalid username and valid password            # ./src/main/resources/Login.feature:24

@Smoke @Functional @Regressional @Positive @SB-5
Scenario: Login should pass with valid credentials           # ./src/main/resources/Login.feature:10

@Smoke @Functional @Regressional @Negative @SB-13
Scenario: Login should not pass with valid username and invalid password            # ./src/main/resources/Login.feature:31

@Smoke @Functional @Regressional @Negative @SB-19
Scenario: Login should not pass with valid username and null password               # ./src/main/resources/Login.feature:45

@Smoke @Functional @Regressional @Negative @SB-6
Scenario: Login should not pass with invalid credentials                            # ./src/main/resources/Login.feature:17
  ✔ Given opened the browser                                                        # com.cucumber.bdd.login.StepDef.opened_the_browser()
  ✔ Given opened the browser                                                        # com.cucumber.bdd.login.StepDef.opened_the_browser()
  ✔ Given opened the browser                                                        # com.cucumber.bdd.login.StepDef.opened_the_browser()
  ✔ Given opened the browser                                 # com.cucumber.bdd.login.StepDef.opened_the_browser()
  ✔ Given opened the browser                                                        # com.cucumber.bdd.login.StepDef.opened_the_browser()
  ✔ Given opened the browser                                                        # com.cucumber.bdd.login.StepDef.opened_the_browser()
  ✔ Given opened the browser                                                        # com.cucumber.bdd.login.StepDef.opened_the_browser()
  ✔ And go to application login page                                                # com.cucumber.bdd.login.StepDef.go_to_application_login_page()
  ✔ And go to application login page                                                # com.cucumber.bdd.login.StepDef.go_to_application_login_page()
  ✔ And go to application login page                                                # com.cucumber.bdd.login.StepDef.go_to_application_login_page()
  ✔ And go to application login page                                                # com.cucumber.bdd.login.StepDef.go_to_application_login_page()
  ✔ And go to application login page                         # com.cucumber.bdd.login.StepDef.go_to_application_login_page()
  ✔ And go to application login page                                                # com.cucumber.bdd.login.StepDef.go_to_application_login_page()
  ✔ When enter valid username                                                       # com.cucumber.bdd.login.StepDef.enter_valid_username()
  ✔ When enter invalid username                                                     # com.cucumber.bdd.login.StepDef.enter_invalid_username()
  ✔ When enter invalid username                                                     # com.cucumber.bdd.login.StepDef.enter_invalid_username()
  ✔ And enter valid password                                                        # com.cucumber.bdd.login.StepDef.enter_valid_password()
  ✔ When enter null username                                                        # com.cucumber.bdd.login.StepDef.enter_null_username()
  ✔ And go to application login page                                                # com.cucumber.bdd.login.StepDef.go_to_application_login_page()
  ✔ And enter invalid password                                                      # com.cucumber.bdd.login.StepDef.enter_invalid_password()
  ✔ And enter null password                                                         # com.cucumber.bdd.login.StepDef.enter_null_password()
  ✔ When enter valid username                                # com.cucumber.bdd.login.StepDef.enter_valid_username()
  ✔ When enter valid username                                                       # com.cucumber.bdd.login.StepDef.enter_valid_username()
  ✔ And click the login button                                                      # com.cucumber.bdd.login.StepDef.click_the_login_button()
  ✔ And click the login button                                                      # com.cucumber.bdd.login.StepDef.click_the_login_button()
  ✔ And click the login button                                                      # com.cucumber.bdd.login.StepDef.click_the_login_button()
  ✔ And enter valid password                                 # com.cucumber.bdd.login.StepDef.enter_valid_password()
  ✔ And enter valid password                                                        # com.cucumber.bdd.login.StepDef.enter_valid_password()
  ✔ And enter invalid password                                                      # com.cucumber.bdd.login.StepDef.enter_invalid_password()
  ✔ Then login should fail & invalid username or password message should be visible # com.cucumber.bdd.login.StepDef.login_should_fail_invalid_username_or_password_message_should_be_visible()
  ✔ Then login should fail & invalid username or password message should be visible # com.cucumber.bdd.login.StepDef.login_should_fail_invalid_username_or_password_message_should_be_visible()
  ✔ And click the login button                                                      # com.cucumber.bdd.login.StepDef.click_the_login_button()
  ✔ Then login should fail & invalid username or password message should be visible # com.cucumber.bdd.login.StepDef.login_should_fail_invalid_username_or_password_message_should_be_visible()
  ✔ When enter null username                                                        # com.cucumber.bdd.login.StepDef.enter_null_username()
  ✔ And click the login button                                                      # com.cucumber.bdd.login.StepDef.click_the_login_button()
  ✔ And click the login button                               # com.cucumber.bdd.login.StepDef.click_the_login_button()
  ✔ Then login should pass & logout button should be visible # com.cucumber.bdd.login.StepDef.login_should_pass_logout_button_should_be_visible()
  ✔ And enter null password                                                         # com.cucumber.bdd.login.StepDef.enter_null_password()
  ✔ Then login should fail & invalid username or password message should be visible # com.cucumber.bdd.login.StepDef.login_should_fail_invalid_username_or_password_message_should_be_visible()
  ✔ And click the login button                                                      # com.cucumber.bdd.login.StepDef.click_the_login_button()
  ✔ Then login should fail & invalid username or password message should be visible # com.cucumber.bdd.login.StepDef.login_should_fail_invalid_username_or_password_message_should_be_visible()
  ✔ Then login should fail & invalid username or password message should be visible # com.cucumber.bdd.login.StepDef.login_should_fail_invalid_username_or_password_message_should_be_visible()
]]></system-out>
    <system-err><![CDATA[SLF4J(W): No SLF4J providers were found.
SLF4J(W): Defaulting to no-operation (NOP) logger implementation
SLF4J(W): See https://www.slf4j.org/codes.html#noProviders for further details.
]]></system-err>
  </testcase>
  <testcase name="runScenario[&quot;Login should not pass with valid username and null password&quot;, &quot;Login functionality test for Smart Banking&quot;](5)" classname="com.test.run.Runner" time="0.303"/>
  <testcase name="runScenario[&quot;Login should not pass with null username and valid password&quot;, &quot;Login functionality test for Smart Banking&quot;](6)" classname="com.test.run.Runner" time="0.303"/>
  <testcase name="runScenario[&quot;Login should pass with valid credentials&quot;, &quot;Login functionality test for Smart Banking&quot;](7)" classname="com.test.run.Runner" time="0.303"/>
  <testcase name="runScenario[&quot;Login should not pass with invalid username and valid password&quot;, &quot;Login functionality test for Smart Banking&quot;](5)" classname="com.test.run.Runner" time="0.303"/>
  <testcase name="runScenario[&quot;Login should not pass with valid username and invalid password&quot;, &quot;Login functionality test for Smart Banking&quot;](5)" classname="com.test.run.Runner" time="0.303"/>
  <testcase name="runScenario[&quot;Login should not pass with invalid credentials&quot;, &quot;Login functionality test for Smart Banking&quot;](5)" classname="com.test.run.Runner" time="0.303"/>
</testsuite>