<?xml version="1.0" encoding="UTF-8"?>
<testng-results ignored="0" total="7" passed="7" failed="0" skipped="0">
  <reporter-output>
  </reporter-output>
  <suite started-at="2025-11-15T01:33:47 PST" name="Suite" finished-at="2025-11-15T01:33:48 PST" duration-ms="1245">
    <groups>
      <group name="cucumber">
        <method signature="AbstractTestNGCucumberTests.runScenario(io.cucumber.testng.PickleWrapper,io.cucumber.testng.FeatureWrapper)[pri:0, instance:com.test.run.Runner@1b7cc17c]" name="runScenario" class="io.cucumber.testng.AbstractTestNGCucumberTests"/>
      </group> <!-- cucumber -->
    </groups>
    <test started-at="2025-11-15T01:33:47 PST" name="Test" finished-at="2025-11-15T01:33:48 PST" duration-ms="1245">
      <class name="com.test.run.Runner">
        <test-method is-config="true" signature="setUpClass(org.testng.ITestContext)[pri:0, instance:com.test.run.Runner@1b7cc17c]" started-at="2025-11-15T01:33:47 PST" name="setUpClass" finished-at="2025-11-15T01:33:47 PST" duration-ms="720" status="PASS">
          <params>
            <param index="0">
              <value>
                <![CDATA[org.testng.TestRunner@76a82f33]]>
              </value>
            </param>
          </params>
          <reporter-output>
          </reporter-output>
        </test-method> <!-- setUpClass -->
        <test-method signature="runScenario(io.cucumber.testng.PickleWrapper,io.cucumber.testng.FeatureWrapper)[pri:0, instance:com.test.run.Runner@1b7cc17c]" started-at="2025-11-15T01:33:47 PST" name="runScenario" description="Runs Cucumber Scenarios" data-provider="scenarios" finished-at="2025-11-15T01:33:48 PST" duration-ms="303" status="PASS">
          <params>
            <param index="0">
              <value>
                <![CDATA["Login should not pass with null username and null password"]]>
              </value>
            </param>
            <param index="1">
              <value>
                <![CDATA["Login functionality test for Smart Banking"]]>
              </value>
            </param>
          </params>
          <reporter-output>
          </reporter-output>
        </test-method> <!-- runScenario -->
        <test-method signature="runScenario(io.cucumber.testng.PickleWrapper,io.cucumber.testng.FeatureWrapper)[pri:0, instance:com.test.run.Runner@1b7cc17c]" started-at="2025-11-15T01:33:47 PST" name="runScenario" description="Runs Cucumber Scenarios" data-provider="scenarios" finished-at="2025-11-15T01:33:48 PST" duration-ms="299" status="PASS">
          <params>
            <param index="0">
              <value>
                <![CDATA["Login should not pass with invalid credentials"]]>
              </value>
            </param>
            <param index="1">
              <value>
                <![CDATA["Login functionality test for Smart Banking"]]>
              </value>
            </param>
          </params>
          <reporter-output>
          </reporter-output>
        </test-method> <!-- runScenario -->
        <test-method signature="runScenario(io.cucumber.testng.PickleWrapper,io.cucumber.testng.FeatureWrapper)[pri:0, instance:com.test.run.Runner@1b7cc17c]" started-at="2025-11-15T01:33:47 PST" name="runScenario" description="Runs Cucumber Scenarios" data-provider="scenarios" finished-at="2025-11-15T01:33:48 PST" duration-ms="302" status="PASS">
          <params>
            <param index="0">
              <value>
                <![CDATA["Login should not pass with null username and valid password"]]>
              </value>
            </param>
            <param index="1">
              <value>
                <![CDATA["Login functionality test for Smart Banking"]]>
              </value>
            </param>
          </params>
          <reporter-output>
          </reporter-output>
        </test-method> <!-- runScenario -->
        <test-method signature="runScenario(io.cucumber.testng.PickleWrapper,io.cucumber.testng.FeatureWrapper)[pri:0, instance:com.test.run.Runner@1b7cc17c]" started-at="2025-11-15T01:33:47 PST" name="runScenario" description="Runs Cucumber Scenarios" data-provider="scenarios" finished-at="2025-11-15T01:33:48 PST" duration-ms="299" status="PASS">
          <params>
            <param index="0">
              <value>
                <![CDATA["Login should not pass with valid username and invalid password"]]>
              </value>
            </param>
            <param index="1">
              <value>
                <![CDATA["Login functionality test for Smart Banking"]]>
              </value>
            </param>
          </params>
          <reporter-output>
          </reporter-output>
        </test-method> <!-- runScenario -->
        <test-method signature="runScenario(io.cucumber.testng.PickleWrapper,io.cucumber.testng.FeatureWrapper)[pri:0, instance:com.test.run.Runner@1b7cc17c]" started-at="2025-11-15T01:33:47 PST" name="runScenario" description="Runs Cucumber Scenarios" data-provider="scenarios" finished-at="2025-11-15T01:33:48 PST" duration-ms="299" status="PASS">
          <params>
            <param index="0">
              <value>
                <![CDATA["Login should not pass with invalid username and valid password"]]>
              </value>
            </param>
            <param index="1">
              <value>
                <![CDATA["Login functionality test for Smart Banking"]]>
              </value>
            </param>
          </params>
          <reporter-output>
          </reporter-output>
        </test-method> <!-- runScenario -->
        <test-method signature="runScenario(io.cucumber.testng.PickleWrapper,io.cucumber.testng.FeatureWrapper)[pri:0, instance:com.test.run.Runner@1b7cc17c]" started-at="2025-11-15T01:33:47 PST" name="runScenario" description="Runs Cucumber Scenarios" data-provider="scenarios" finished-at="2025-11-15T01:33:48 PST" duration-ms="299" status="PASS">
          <params>
            <param index="0">
              <value>
                <![CDATA["Login should pass with valid credentials"]]>
              </value>
            </param>
            <param index="1">
              <value>
                <![CDATA["Login functionality test for Smart Banking"]]>
              </value>
            </param>
          </params>
          <reporter-output>
          </reporter-output>
        </test-method> <!-- runScenario -->
        <test-method signature="runScenario(io.cucumber.testng.PickleWrapper,io.cucumber.testng.FeatureWrapper)[pri:0, instance:com.test.run.Runner@1b7cc17c]" started-at="2025-11-15T01:33:47 PST" name="runScenario" description="Runs Cucumber Scenarios" data-provider="scenarios" finished-at="2025-11-15T01:33:48 PST" duration-ms="298" status="PASS">
          <params>
            <param index="0">
              <value>
                <![CDATA["Login should not pass with valid username and null password"]]>
              </value>
            </param>
            <param index="1">
              <value>
                <![CDATA["Login functionality test for Smart Banking"]]>
              </value>
            </param>
          </params>
          <reporter-output>
          </reporter-output>
        </test-method> <!-- runScenario -->
        <test-method is-config="true" signature="tearDownClass()[pri:0, instance:com.test.run.Runner@1b7cc17c]" started-at="2025-11-15T01:33:48 PST" name="tearDownClass" finished-at="2025-11-15T01:33:48 PST" duration-ms="138" status="PASS">
          <reporter-output>
          </reporter-output>
        </test-method> <!-- tearDownClass -->
      </class> <!-- com.test.run.Runner -->
    </test> <!-- Test -->
  </suite> <!-- Suite -->
</testng-results>
