<?xml version="1.0" encoding="UTF-8"?>
<!-- Generated by org.testng.reporters.JUnitReportReporter -->
<testsuite hostname="ESTEFANY" failures="0" tests="7" name="com.test.run.Runner" time="1.073" errors="0" timestamp="2025-11-15T01:25:42 PST" skipped="0">
  <testcase classname="com.test.run.Runner" name="runScenario" time="0.155"/>
  <testcase classname="com.test.run.Runner" name="runScenario" time="0.153"/>
  <testcase classname="com.test.run.Runner" name="runScenario" time="0.151"/>
  <testcase classname="com.test.run.Runner" name="runScenario" time="0.148"/>
  <testcase classname="com.test.run.Runner" name="runScenario" time="0.155"/>
  <testcase classname="com.test.run.Runner" name="runScenario" time="0.155"/>
  <testcase classname="com.test.run.Runner" name="runScenario" time="0.156"/>
</testsuite> <!-- com.test.run.Runner -->
