<?xml version="1.0" encoding="UTF-8"?>
<!-- Generated by org.testng.reporters.JUnitReportReporter -->
<testsuite hostname="ESTEFANY" failures="0" tests="7" name="com.test.run.Runner" time="2.099" errors="0" timestamp="2025-11-15T01:33:48 PST" skipped="0">
  <testcase classname="com.test.run.Runner" name="runScenario" time="0.303"/>
  <testcase classname="com.test.run.Runner" name="runScenario" time="0.299"/>
  <testcase classname="com.test.run.Runner" name="runScenario" time="0.302"/>
  <testcase classname="com.test.run.Runner" name="runScenario" time="0.299"/>
  <testcase classname="com.test.run.Runner" name="runScenario" time="0.299"/>
  <testcase classname="com.test.run.Runner" name="runScenario" time="0.298"/>
  <testcase classname="com.test.run.Runner" name="runScenario" time="0.299"/>
</testsuite> <!-- com.test.run.Runner -->
